<?xml version="1.0" encoding="UTF-8"?>
<coverage generated="1635146231093" clover="3.2.0">
  <project timestamp="1635146231093" name="All files">
    <metrics statements="10" coveredstatements="7" conditionals="0" coveredconditionals="0" methods="5" coveredmethods="1" elements="15" coveredelements="8" complexity="0" loc="10" ncloc="10" packages="1" files="2" classes="2"/>
    <file name="fortune.js" path="D:\Users\Ideal\Express_Tutorials\lib\fortune.js">
      <metrics statements="4" coveredstatements="2" conditionals="0" coveredconditionals="0" methods="1" coveredmethods="0"/>
      <line num="1" count="1" type="stmt"/>
      <line num="9" count="1" type="stmt"/>
      <line num="10" count="0" type="stmt"/>
      <line num="11" count="0" type="stmt"/>
    </file>
    <file name="handlers.js" path="D:\Users\Ideal\Express_Tutorials\lib\handlers.js">
      <metrics statements="6" coveredstatements="5" conditionals="0" coveredconditionals="0" methods="4" coveredmethods="1"/>
      <line num="2" count="1" type="stmt"/>
      <line num="3" count="1" type="stmt"/>
      <line num="4" count="1" type="stmt"/>
      <line num="5" count="0" type="stmt"/>
      <line num="7" count="1" type="stmt"/>
      <line num="9" count="1" type="stmt"/>
    </file>
  </project>
</coverage>
